<?xml version="1.0" encoding="UTF-8"?>
<!-- Generated by org.testng.reporters.JUnitReportReporter -->
<testsuite hostname="RACD-002157" name="com.java.framework.TestClasses.ExecutingTestMultipleTimes" tests="4" failures="0" timestamp="13 May 2019 07:23:46 GMT" time="77.873" errors="0">
  <testcase name="LoginTest" time="18.795" classname="com.java.framework.TestClasses.ExecutingTestMultipleTimes"/>
  <testcase name="LoginTest" time="38.145" classname="com.java.framework.TestClasses.ExecutingTestMultipleTimes"/>
  <testcase name="LoginTest" time="10.087" classname="com.java.framework.TestClasses.ExecutingTestMultipleTimes"/>
  <testcase name="LoginTest" time="10.846" classname="com.java.framework.TestClasses.ExecutingTestMultipleTimes"/>
</testsuite> <!-- com.java.framework.TestClasses.ExecutingTestMultipleTimes -->
