<?xml version="1.0" encoding="UTF-8"?>
<!-- Generated by org.testng.reporters.JUnitReportReporter -->
<testsuite hostname="RACD-002157" name="RoughWork.DateClick" tests="1" failures="0" timestamp="8 May 2019 10:26:27 GMT" time="442.413" errors="0">
  <testcase name="ClickOnDate" time="442.413" classname="RoughWork.DateClick"/>
</testsuite> <!-- RoughWork.DateClick -->
