<?xml version="1.0" encoding="UTF-8"?>
<!-- Generated by org.testng.reporters.JUnitReportReporter -->
<testsuite hostname="RACD-002157" name="RoughWork.VerifyColors" tests="1" failures="0" timestamp="22 Apr 2019 09:22:50 GMT" time="0.085" errors="0">
  <testcase name="VerifyColor" time="0.085" classname="RoughWork.VerifyColors"/>
</testsuite> <!-- RoughWork.VerifyColors -->
