<?xml version="1.0" encoding="UTF-8"?>
<!-- Generated by org.testng.reporters.JUnitReportReporter -->
<testsuite hostname="RACD-002157" name="com.magic.alphaPoint.TestClasses.AdminLoginTest" tests="2" failures="0" timestamp="7 Mar 2019 10:00:38 GMT" time="7.372" errors="0">
  <testcase name="AdminLogOut" time="4.172" classname="com.magic.alphaPoint.TestClasses.AdminLoginTest"/>
  <testcase name="AdminLogin" time="3.200" classname="com.magic.alphaPoint.TestClasses.AdminLoginTest"/>
</testsuite> <!-- com.magic.alphaPoint.TestClasses.AdminLoginTest -->
