<?xml version="1.0" encoding="UTF-8"?>
<!-- Generated by org.testng.reporters.JUnitReportReporter -->
<testsuite hostname="RACD-002157" name="com.java.framework.TestClasses.DataDrivenTestDemo" tests="1" failures="0" timestamp="13 May 2019 09:46:59 GMT" time="5.486" errors="0">
  <testcase name="LoginTest" time="5.486" classname="com.java.framework.TestClasses.DataDrivenTestDemo"/>
</testsuite> <!-- com.java.framework.TestClasses.DataDrivenTestDemo -->
