<?xml version="1.0" encoding="UTF-8"?>
<!-- Generated by org.testng.reporters.JUnitReportReporter -->
<testsuite hostname="RACD-002157" name="com.java.framework.TestClasses.DownLoadFileVerifiy" tests="1" failures="0" timestamp="30 May 2019 12:07:35 GMT" time="11.648" errors="0">
  <testcase name="VerifyDownLoadFile" time="11.648" classname="com.java.framework.TestClasses.DownLoadFileVerifiy"/>
</testsuite> <!-- com.java.framework.TestClasses.DownLoadFileVerifiy -->
