<?xml version="1.0" encoding="UTF-8"?>
<!-- Generated by org.testng.reporters.JUnitReportReporter -->
<testsuite hostname="RACD-002157" name="com.magic.alphaPoint.TestClasses.GmailLoginTestDemo" tests="2" failures="0" timestamp="1 Apr 2019 11:55:16 GMT" time="14.313" errors="0">
  <testcase name="GmailLoginout" time="5.396" classname="com.magic.alphaPoint.TestClasses.GmailLoginTestDemo"/>
  <testcase name="GmailLogin" time="8.917" classname="com.magic.alphaPoint.TestClasses.GmailLoginTestDemo"/>
</testsuite> <!-- com.magic.alphaPoint.TestClasses.GmailLoginTestDemo -->
