<?xml version="1.0" encoding="UTF-8"?>
<!-- Generated by org.testng.reporters.JUnitReportReporter -->
<testsuite hostname="RACD-002157" name="com.magic.alphaPoint.TestClasses.LoyaltyTokenTestClass" tests="2" failures="0" timestamp="7 Mar 2019 09:21:37 GMT" time="18.972" errors="0">
  <testcase name="LoyaltyTokenTest" time="11.691" classname="com.magic.alphaPoint.TestClasses.LoyaltyTokenTestClass"/>
  <testcase name="Login" time="7.281" classname="com.magic.alphaPoint.TestClasses.LoyaltyTokenTestClass"/>
</testsuite> <!-- com.magic.alphaPoint.TestClasses.LoyaltyTokenTestClass -->
