<?xml version="1.0" encoding="UTF-8"?>
<!-- Generated by org.testng.reporters.JUnitReportReporter -->
<testsuite hostname="RACD-002157" name="com.java.framework.TestClasses.AdminTest" tests="1" failures="0" timestamp="22 Apr 2019 05:27:44 GMT" time="0.004" errors="0">
  <testcase name="Login" time="0.004" classname="com.java.framework.TestClasses.AdminTest"/>
</testsuite> <!-- com.java.framework.TestClasses.AdminTest -->
