<?xml version="1.0" encoding="UTF-8"?>
<!-- Generated by org.testng.reporters.JUnitReportReporter -->
<testsuite hostname="RACD-002157" name="com.java.framework.TestClasses.VerifyDownLoadFile" tests="1" failures="0" timestamp="14 May 2019 10:56:34 GMT" time="556.288" errors="0">
  <testcase name="VerifyDownLoadedFile" time="556.288" classname="com.java.framework.TestClasses.VerifyDownLoadFile"/>
</testsuite> <!-- com.java.framework.TestClasses.VerifyDownLoadFile -->
