<?xml version="1.0" encoding="UTF-8"?>
<!-- Generated by org.testng.reporters.JUnitReportReporter -->
<testsuite hostname="RACD-002157" name="com.magic.alphaPoint.TestClasses.TestDemo" tests="1" failures="0" timestamp="6 Mar 2019 10:24:25 GMT" time="0.010" errors="0">
  <testcase name="Test1" time="0.010" classname="com.magic.alphaPoint.TestClasses.TestDemo"/>
</testsuite> <!-- com.magic.alphaPoint.TestClasses.TestDemo -->
