<?xml version="1.0" encoding="UTF-8"?>
<!-- Generated by org.testng.reporters.JUnitReportReporter -->
<testsuite hostname="RACD-002157" name="com.java.framework.TestClasses.GmailLoginTestDemo" tests="2" failures="0" timestamp="30 May 2019 12:13:43 GMT" time="80.124" errors="0">
  <testcase name="GmailLoginout" time="40.058" classname="com.java.framework.TestClasses.GmailLoginTestDemo"/>
  <testcase name="GmailLogin" time="40.066" classname="com.java.framework.TestClasses.GmailLoginTestDemo"/>
</testsuite> <!-- com.java.framework.TestClasses.GmailLoginTestDemo -->
